[debug] [2025-11-13T16:26:35.422Z] ----------------------------------------------------------------------
[debug] [2025-11-13T16:26:35.424Z] Command:       /nix/store/ws50yvm6vzlzf7jzz6n7xh4szddrack1-nodejs-20.19.1/bin/node /nix/store/f77kilzcw5hh2gidh22k6pj8cp7pxp7h-firebase-tools-14.22.0/lib/node_modules/firebase-tools/lib/bin/firebase.js init
[debug] [2025-11-13T16:26:35.425Z] CLI Version:   14.22.0
[debug] [2025-11-13T16:26:35.425Z] Platform:      linux
[debug] [2025-11-13T16:26:35.425Z] Node Version:  v20.19.1
[debug] [2025-11-13T16:26:35.425Z] Time:          Thu Nov 13 2025 16:26:35 GMT+0000 (Coordinated Universal Time)
[debug] [2025-11-13T16:26:35.426Z] ----------------------------------------------------------------------
[debug] 
[debug] [2025-11-13T16:26:35.430Z] Checked if tokens are valid: true, expires at: 1763054780811
[debug] [2025-11-13T16:26:35.431Z] Checked if tokens are valid: true, expires at: 1763054780811
[debug] [2025-11-13T16:26:35.434Z] >>> [apiv2][query] GET https://monospace-pa.googleapis.com/v1/workspaces/demo-84812615 [none]
[debug] [2025-11-13T16:26:36.487Z] <<< [apiv2][status] GET https://monospace-pa.googleapis.com/v1/workspaces/demo-84812615 200
[debug] [2025-11-13T16:26:36.488Z] <<< [apiv2][body] GET https://monospace-pa.googleapis.com/v1/workspaces/demo-84812615 {"workspaceId":"demo-84812615","name":"Demo","workspaceRedirectUrl":"firebase-demo-1763025709244.cluster-euie3bjlbvhliv5fpqv5ofgi46.cloudworkstations.dev","status":"WORKSPACE_STATUS_RUNNING","lastAccessDatetime":"2025-11-13T09:22:12.435763Z","workspaceTemplate":"WORKSPACE_TEMPLATE_FLUTTER","owner":"SELF","serviceAccountEmail":"msp-5795066308871735936@monospace-1.iam.gserviceaccount.com","enableNix":true,"ownerEmail":"kamesheas@gmail.com","workspaceImageUrl":"https://www.gstatic.com/monospace/231115/logo_react.svg","templateArgs":"{\"openIn\":\"go\"}","templateRepoUrl":"github:monogramdesign/idx-react-native","workstationAccessToken":"eyJhbGciOiJSUzI1NiIsInR5cCI6IkpXVCJ9.eyJpc3MiOiJodHRwczovL2Nsb3VkLmdvb2dsZS5jb20vd29ya3N0YXRpb25zIiwiYXVkIjoiZmlyZWJhc2UtZGVtby0xNzYzMDI1NzA5MjQ0LmNsdXN0ZXItZXVpZTNiamxidmhsaXY1ZnBxdjVvZmdpNDYuY2xvdWR3b3Jrc3RhdGlvbnMuZGV2IiwiaWF0IjoxNzYzMDUxMTk2LCJleHAiOjE3NjMxMzc1OTZ9.A66LvbGYoHJjkyXH3AqwqRu0l-mic8pj1KrLGri2QlQtaNIfcqEau3tdN7s8cAB9Ci_ay8gyi2oq-JXWPzTgbLwPINhnMXdXMByGHLKaPHetAPFHW2DUHlodkQI8S5-b9YNCyXPI4GbaUZAWARQnqXNk8KJlG58d9ndB4HaEY0w9q3LXNZaoK0svkzqiHCrRv9oWkOZxyYgfrgMSwxJoNmvPYxGUgQF0BcJK0ssA0wRynjeFOjX_iBkZwkHwWrjBCUTVokX_HFlxrhq0g4T12hjolp76iGXoG2LuVzhI7xVRz5uqc47Vrpu-VN7XdIWRi-N9UXGyU3l5GZYG4DqVuQ"}
[info] 
     ######## #### ########  ######## ########     ###     ######  ########
     ##        ##  ##     ## ##       ##     ##  ##   ##  ##       ##
     ######    ##  ########  ######   ########  #########  ######  ######
     ##        ##  ##    ##  ##       ##     ## ##     ##       ## ##
     ##       #### ##     ## ######## ########  ##     ##  ######  ########

You're about to initialize a Firebase project in this directory:

  /home/user/demo

